  main.cpp
c:\users\kyh\source\repos\usvalgorithm_los_pf\usvalgorithm_los_pf\main.cpp : warning C4819: 현재 코드 페이지(949)에서 표시할 수 없는 문자가 파일에 들어 있습니다. 데이터가 손실되지 않게 하려면 해당 파일을 유니코드 형식으로 저장하십시오.
c:\users\kyh\source\repos\usvalgorithm_los_pf\usvalgorithm_los_pf\main.cpp(79): warning C4101: 'mPlatformStatusInfo' :참조되지 않은 지역 변수입니다.
c:\users\kyh\source\repos\usvalgorithm_los_pf\usvalgorithm_los_pf\main.cpp(72): warning C4101: 'mNavigationStatusInfo' :참조되지 않은 지역 변수입니다.
c:\users\kyh\source\repos\usvalgorithm_los_pf\usvalgorithm_los_pf\main.cpp(65): warning C4101: 'mROSStatusInfo' :참조되지 않은 지역 변수입니다.
c:\users\kyh\source\repos\usvalgorithm_los_pf\usvalgorithm_los_pf\main.cpp(81): warning C4101: 'mAcousticCommInfo' :참조되지 않은 지역 변수입니다.
c:\users\kyh\source\repos\usvalgorithm_los_pf\usvalgorithm_los_pf\main.cpp(68): warning C4101: 'mPowerControl' :참조되지 않은 지역 변수입니다.
c:\users\kyh\source\repos\usvalgorithm_los_pf\usvalgorithm_los_pf\main.cpp(76): warning C4101: 'mLidarTargetInfo' :참조되지 않은 지역 변수입니다.
c:\users\kyh\source\repos\usvalgorithm_los_pf\usvalgorithm_los_pf\main.cpp(70): warning C4101: 'mPlatformControlCommand' :참조되지 않은 지역 변수입니다.
c:\users\kyh\source\repos\usvalgorithm_los_pf\usvalgorithm_los_pf\main.cpp(78): warning C4101: 'mPlatformControlState' :참조되지 않은 지역 변수입니다.
c:\users\kyh\source\repos\usvalgorithm_los_pf\usvalgorithm_los_pf\main.cpp(71): warning C4101: 'mUSVStatusInfo' :참조되지 않은 지역 변수입니다.
c:\users\kyh\source\repos\usvalgorithm_los_pf\usvalgorithm_los_pf\main.cpp(75): warning C4101: 'mRadarTargetInfo' :참조되지 않은 지역 변수입니다.
c:\users\kyh\source\repos\usvalgorithm_los_pf\usvalgorithm_los_pf\main.cpp(80): warning C4101: 'mPowerControlResult' :참조되지 않은 지역 변수입니다.
c:\users\kyh\source\repos\usvalgorithm_los_pf\usvalgorithm_los_pf\main.cpp(74): warning C4101: 'mAutoNaviStatusInfo' :참조되지 않은 지역 변수입니다.
c:\users\kyh\source\repos\usvalgorithm_los_pf\usvalgorithm_los_pf\main.cpp(69): warning C4101: 'mEOCameraControlCommand' :참조되지 않은 지역 변수입니다.
c:\users\kyh\source\repos\usvalgorithm_los_pf\usvalgorithm_los_pf\main.cpp(496): warning C4244: '=': 'double'에서 'unsigned short'(으)로 변환하면서 데이터가 손실될 수 있습니다.
c:\users\kyh\source\repos\usvalgorithm_los_pf\usvalgorithm_los_pf\main.cpp(497): warning C4244: '=': 'double'에서 'unsigned short'(으)로 변환하면서 데이터가 손실될 수 있습니다.
c:\users\kyh\source\repos\usvalgorithm_los_pf\usvalgorithm_los_pf\main.cpp(176): warning C4101: 'mFlexTargetInfo' :참조되지 않은 지역 변수입니다.
c:\users\kyh\source\repos\usvalgorithm_los_pf\usvalgorithm_los_pf\main.cpp(175): warning C4101: 'mLidarTargetInfo' :참조되지 않은 지역 변수입니다.
c:\users\kyh\source\repos\usvalgorithm_los_pf\usvalgorithm_los_pf\main.cpp(174): warning C4101: 'mRadarTargetInfo' :참조되지 않은 지역 변수입니다.
c:\users\kyh\source\repos\usvalgorithm_los_pf\usvalgorithm_los_pf\main.cpp(178): warning C4101: 'mAutoNaviStatusInfo' :참조되지 않은 지역 변수입니다.
c:\users\kyh\source\repos\usvalgorithm_los_pf\usvalgorithm_los_pf\main.cpp(766): warning C4819: 현재 코드 페이지(949)에서 표시할 수 없는 문자가 파일에 들어 있습니다. 데이터가 손실되지 않게 하려면 해당 파일을 유니코드 형식으로 저장하십시오.
  코드를 생성하고 있습니다.
  0 of 286 functions ( 0.0%) were compiled, the rest were copied from previous compilation.
    0 functions were new in current compilation
    0 functions had inline decision re-evaluated but remain unchanged
  코드를 생성했습니다.
  UsvAlgorithm_LOS_PF.vcxproj -> C:\Users\KYH\source\repos\UsvAlgorithm_LOS_PF\x64\Release\UsvAlgorithm_LOS_PF.exe
